Change Component Footprint: Designator=C6 Old Footprint=0603 New Footprint=C_1210_A
Change Component Footprint: Designator=C13 Old Footprint=0603 New Footprint=C_1210_A
Change Component Comment : Designator=C6 Old Comment=C 10uF 0603 New Comment=C 10uF 1210
Change Component Comment : Designator=C13 Old Comment=C 10uF 0603 New Comment=C 10uF 1210
Change component parameters: Designator = "C6" ("C6"); Footprint = "0603"; UniqueID = "\JDOMIIJX" ("\JDOMIIJX")
Change component parameters (AddParameter): Name = "Part ID"; Value = "C_10uF_1210"; VariantName = "[No Variations]"
Change component parameters (AddParameter): Name = "Price 1pc (CHF)"; Value = "0.81"; VariantName = "[No Variations]"
Change component parameters (AddParameter): Name = "Supplier 1"; Value = "Digi-Key"; VariantName = "[No Variations]"
Change component parameters (AddParameter): Name = "Supplier Part Number 1"; Value = "445-7004-1-ND"; VariantName = "[No Variations]"
Change component parameters (AddParameter): Name = "TempKoeff"; Value = "X7S"; VariantName = "[No Variations]"
Change component parameters (AddParameter): Name = "Tolerance"; Value = "10%"; VariantName = "[No Variations]"
Change component parameters (AddParameter): Name = "Value"; Value = "10uF"; VariantName = "[No Variations]"
Change component parameters (AddParameter): Name = "Voltage"; Value = "50V"; VariantName = "[No Variations]"
Change component parameters: Designator = "C13" ("C13"); Footprint = "0603"; UniqueID = "\FVPTPUBM" ("\FVPTPUBM")
Change component parameters (AddParameter): Name = "Part ID"; Value = "C_10uF_1210"; VariantName = "[No Variations]"
Change component parameters (AddParameter): Name = "Price 1pc (CHF)"; Value = "0.81"; VariantName = "[No Variations]"
Change component parameters (AddParameter): Name = "Supplier 1"; Value = "Digi-Key"; VariantName = "[No Variations]"
Change component parameters (AddParameter): Name = "Supplier Part Number 1"; Value = "445-7004-1-ND"; VariantName = "[No Variations]"
Change component parameters (AddParameter): Name = "TempKoeff"; Value = "X7S"; VariantName = "[No Variations]"
Change component parameters (AddParameter): Name = "Tolerance"; Value = "10%"; VariantName = "[No Variations]"
Change component parameters (AddParameter): Name = "Value"; Value = "10uF"; VariantName = "[No Variations]"
Change component parameters (AddParameter): Name = "Voltage"; Value = "50V"; VariantName = "[No Variations]"
