Added Component: Designator=IC3(SOP65P760X160-24N)
Add component (AddParameter): Name = "ComponentLink1Description"; Value = "Datasheet"; VariantName = "[No Variations]"
Add component (AddParameter): Name = "ComponentLink1URL"; Value = "https://toshiba.semicon-storage.com/info/TB6612FNG_datasheet_en_20141001.pdf?did=10660&prodName=TB6612FNG"; VariantName = "[No Variations]"
Added Pin To Net: NetName=NetIC3_1 Pin=IC3-1
Added Pin To Net: NetName=NetIC3_1 Pin=IC3-2
Added Pin To Net: NetName=GND Pin=IC3-3
Added Pin To Net: NetName=GND Pin=IC3-4
Added Pin To Net: NetName=NetIC3_5 Pin=IC3-5
Added Pin To Net: NetName=NetIC3_5 Pin=IC3-6
Added Pin To Net: NetName=NetIC3_7 Pin=IC3-7
Added Pin To Net: NetName=NetIC3_7 Pin=IC3-8
Added Pin To Net: NetName=GND Pin=IC3-9
Added Pin To Net: NetName=GND Pin=IC3-10
Added Pin To Net: NetName=NetIC3_11 Pin=IC3-11
Added Pin To Net: NetName=NetIC3_11 Pin=IC3-12
Added Pin To Net: NetName=12VDC Pin=IC3-13
Added Pin To Net: NetName=12VDC Pin=IC3-14
Added Pin To Net: NetName=NetIC3_15 Pin=IC3-15
Added Pin To Net: NetName=NetIC3_16 Pin=IC3-16
Added Pin To Net: NetName=NetIC3_17 Pin=IC3-17
Added Pin To Net: NetName=GND Pin=IC3-18
Added Pin To Net: NetName=NetIC3_19 Pin=IC3-19
Added Pin To Net: NetName=5VDC Pin=IC3-20
Added Pin To Net: NetName=NetIC3_21 Pin=IC3-21
Added Pin To Net: NetName=NetIC3_22 Pin=IC3-22
Added Pin To Net: NetName=NetIC3_23 Pin=IC3-23
Added Pin To Net: NetName=12VDC Pin=IC3-24
Added Member To Class: ClassName=robocar Member=Component IC3 TB6612FNG
