Removed Pin From Net: NetName=NetIC3_5 Pin=J4-1
Removed Pin From Net: NetName=NetIC3_1 Pin=J4-2
Change Component Footprint: Designator=J4 Old Footprint=XT30PW-F New Footprint=XT30PW-UP-F
Change Component Footprint: Designator=J5 Old Footprint=XT30PW-F New Footprint=XT30PW-UP-F
Change Component Footprint: Designator=J1 Old Footprint=XT30PW-M New Footprint=XT30PW-UP-M
Add Component: Footprint Not Found SOP65P760X160-24N
Add Pin To Net: Unknown Pin: Pin IC3-1
Add Pin To Net: Unknown Pin: Pin IC3-2
Add Pin To Net: Unknown Pin: Pin IC3-3
Add Pin To Net: Unknown Pin: Pin IC3-4
Add Pin To Net: Unknown Pin: Pin IC3-5
Add Pin To Net: Unknown Pin: Pin IC3-6
Add Pin To Net: Unknown Pin: Pin IC3-7
Add Pin To Net: Unknown Pin: Pin IC3-8
Add Pin To Net: Unknown Pin: Pin IC3-9
Add Pin To Net: Unknown Pin: Pin IC3-10
Add Pin To Net: Unknown Pin: Pin IC3-11
Add Pin To Net: Unknown Pin: Pin IC3-12
Add Pin To Net: Unknown Pin: Pin IC3-13
Add Pin To Net: Unknown Pin: Pin IC3-14
Add Pin To Net: Unknown Pin: Pin IC3-15
Add Pin To Net: Unknown Pin: Pin IC3-16
Add Pin To Net: Unknown Pin: Pin IC3-17
Add Pin To Net: Unknown Pin: Pin IC3-18
Add Pin To Net: Unknown Pin: Pin IC3-19
Add Pin To Net: Unknown Pin: Pin IC3-20
Add Pin To Net: Unknown Pin: Pin IC3-21
Add Pin To Net: Unknown Pin: Pin IC3-22
Add Pin To Net: Unknown Pin: Pin IC3-23
Add Pin To Net: Unknown Pin: Pin IC3-24
Add Pin To Net: Unknown Pin: Pin IC5-1
Add Pin To Net: Unknown Pin: Pin IC5-2
Add Pin To Net: Unknown Pin: Pin IC5-7
Add Pin To Net: Unknown Pin: Pin IC5-8
Add Pin To Net: Unknown Pin: Pin IC5-9
Add Pin To Net: Unknown Pin: Pin IC5-10
Add Pin To Net: Unknown Pin: Pin IC5-11
Add Pin To Net: Unknown Pin: Pin IC5-12
Add Pin To Net: Unknown Pin: Pin IC5-13
Add Pin To Net: Unknown Pin: Pin IC5-14
Add Pin To Net: Unknown Pin: Pin IC5-15
Add Pin To Net: Unknown Pin: Pin IC5-16
Add Pin To Net: Unknown Pin: Pin IC5-17
Add Pin To Net: Unknown Pin: Pin IC5-18
Add Pin To Net: Unknown Pin: Pin IC5-19
Add Pin To Net: Unknown Pin: Pin IC5-20
Add Pin To Net: Unknown Pin: Pin IC5-21
Add Pin To Net: Unknown Pin: Pin IC5-22
Add Pin To Net: Unknown Pin: Pin IC5-23
Add Pin To Net: Unknown Pin: Pin IC5-24
Add Pin To Net: Unknown Pin: Pin IC5-25
Add Pin To Net: Unknown Pin: Pin IC5-26
Add Pin To Net: Unknown Pin: Pin IC5-27
Add Pin To Net: Unknown Pin: Pin IC5-28
Add Pin To Net: Unknown Pin: Pin IC5-29
Add Pin To Net: Unknown Pin: Pin IC5-30
Add Pin To Net: Unknown Pin: Pin IC5-31
Add Pin To Net: Unknown Pin: Pin IC5-32
Add Pin To Net: Unknown Pin: Pin IC5-33
Add Pin To Net: Unknown Pin: Pin IC5-34
Add Pin To Net: Unknown Pin: Pin IC5-35
Add Pin To Net: Unknown Pin: Pin IC5-36
Add Pin To Net: Unknown Pin: Pin IC5-37
Add Pin To Net: Unknown Pin: Pin IC5-38
Add Pin To Net: Unknown Pin: Pin IC5-39
Add Pin To Net: Unknown Pin: Pin IC5-40
Add Pin To Net: Unknown Pin: Pin IC5-41
Add Pin To Net: Unknown Pin: Pin IC5-42
Add Pin To Net: Unknown Pin: Pin IC5-43
Add Pin To Net: Unknown Pin: Pin IC5-44
Add Pin To Net: Unknown Pin: Pin IC5-46
Add Pin To Net: Unknown Pin: Pin IC5-47
Add Pin To Net: Unknown Pin: Pin IC5-48
Add Pin To Net: Unknown Pin: Pin IC5-49
Add Pin To Net: Unknown Pin: Pin IC5-50
Add Pin To Net: Unknown Pin: Pin IC5-51
Add Pin To Net: Unknown Pin: Pin IC5-52
Add Pin To Net: Unknown Pin: Pin IC5-53
Add Pin To Net: Unknown Pin: Pin IC5-55
Add Pin To Net: Unknown Pin: Pin IC5-56
Add Pin To Net: Unknown Pin: Pin IC5-57
Add Pin To Net: Unknown Pin: Pin IC5-58
Add Pin To Net: Unknown Pin: Pin IC5-59
Add Pin To Net: Unknown Pin: Pin IC5-60
Add Pin To Net: Unknown Pin: Pin IC5-61
Add Pin To Net: Unknown Pin: Pin IC5-62
Add Pin To Net: Unknown Pin: Pin IC5-63
Add Pin To Net: Unknown Pin: Pin IC5-64
Added Pin To Net: NetName=NetIC3_1 Pin=J4-1
Added Pin To Net: NetName=NetIC3_5 Pin=J4-2
Add Class Member: Failed to add class member : Component IC3 TB6612FNG
Add Class Member: Failed to add class member : Component IC5 STM32F446RE
