Added Component: Designator=C32(0603)
Add component (AddParameter): Name = "Part ID"; Value = "C_10uF_0603"; VariantName = "[No Variations]"
Add component (AddParameter): Name = "Price 1pc (CHF)"; Value = "0.40"; VariantName = "[No Variations]"
Add component (AddParameter): Name = "Supplier 1"; Value = "Digi-Key"; VariantName = "[No Variations]"
Add component (AddParameter): Name = "Supplier Part Number 1"; Value = "490-12317-1-ND"; VariantName = "[No Variations]"
Add component (AddParameter): Name = "TempKoeff"; Value = "X5R"; VariantName = "[No Variations]"
Add component (AddParameter): Name = "Tolerance"; Value = "10%"; VariantName = "[No Variations]"
Add component (AddParameter): Name = "Value"; Value = "10uF"; VariantName = "[No Variations]"
Add component (AddParameter): Name = "Voltage"; Value = "16V"; VariantName = "[No Variations]"
Added Component: Designator=C33(0603)
Add component (AddParameter): Name = "Part ID"; Value = "C_10uF_0603"; VariantName = "[No Variations]"
Add component (AddParameter): Name = "Price 1pc (CHF)"; Value = "0.40"; VariantName = "[No Variations]"
Add component (AddParameter): Name = "Supplier 1"; Value = "Digi-Key"; VariantName = "[No Variations]"
Add component (AddParameter): Name = "Supplier Part Number 1"; Value = "490-12317-1-ND"; VariantName = "[No Variations]"
Add component (AddParameter): Name = "TempKoeff"; Value = "X5R"; VariantName = "[No Variations]"
Add component (AddParameter): Name = "Tolerance"; Value = "10%"; VariantName = "[No Variations]"
Add component (AddParameter): Name = "Value"; Value = "10uF"; VariantName = "[No Variations]"
Add component (AddParameter): Name = "Voltage"; Value = "16V"; VariantName = "[No Variations]"
Added Component: Designator=C34(0603)
Add component (AddParameter): Name = "Part ID"; Value = "C_10uF_0603"; VariantName = "[No Variations]"
Add component (AddParameter): Name = "Price 1pc (CHF)"; Value = "0.40"; VariantName = "[No Variations]"
Add component (AddParameter): Name = "Supplier 1"; Value = "Digi-Key"; VariantName = "[No Variations]"
Add component (AddParameter): Name = "Supplier Part Number 1"; Value = "490-12317-1-ND"; VariantName = "[No Variations]"
Add component (AddParameter): Name = "TempKoeff"; Value = "X5R"; VariantName = "[No Variations]"
Add component (AddParameter): Name = "Tolerance"; Value = "10%"; VariantName = "[No Variations]"
Add component (AddParameter): Name = "Value"; Value = "10uF"; VariantName = "[No Variations]"
Add component (AddParameter): Name = "Voltage"; Value = "16V"; VariantName = "[No Variations]"
Added Component: Designator=C35(0603)
Add component (AddParameter): Name = "Part ID"; Value = "C_100nF_0603"; VariantName = "[No Variations]"
Add component (AddParameter): Name = "Price 1pc (CHF)"; Value = "0.1"; VariantName = "[No Variations]"
Add component (AddParameter): Name = "Supplier 1"; Value = "Digi-Key"; VariantName = "[No Variations]"
Add component (AddParameter): Name = "Supplier Part Number 1"; Value = "1276-1012-1-ND"; VariantName = "[No Variations]"
Add component (AddParameter): Name = "TempKoeff"; Value = "Y5V"; VariantName = "[No Variations]"
Add component (AddParameter): Name = "Tolerance"; Value = "-20%/+80%"; VariantName = "[No Variations]"
Add component (AddParameter): Name = "Value"; Value = "100nF"; VariantName = "[No Variations]"
Add component (AddParameter): Name = "Voltage"; Value = "50V"; VariantName = "[No Variations]"
Added Component: Designator=C36(0603)
Add component (AddParameter): Name = "Part ID"; Value = "C_2200pF_0603"; VariantName = "[No Variations]"
Add component (AddParameter): Name = "Price 1pc (CHF)"; Value = "0.1"; VariantName = "[No Variations]"
Add component (AddParameter): Name = "Supplier 1"; Value = "Digi-Key"; VariantName = "[No Variations]"
Add component (AddParameter): Name = "Supplier Part Number 1"; Value = "399-1085-1-ND"; VariantName = "[No Variations]"
Add component (AddParameter): Name = "TempKoeff"; Value = "X7R"; VariantName = "[No Variations]"
Add component (AddParameter): Name = "Tolerance"; Value = "10%"; VariantName = "[No Variations]"
Add component (AddParameter): Name = "Value"; Value = "2.2nF"; VariantName = "[No Variations]"
Add component (AddParameter): Name = "Voltage"; Value = "50V"; VariantName = "[No Variations]"
Added Component: Designator=C37(0603)
Add component (AddParameter): Name = "Part ID"; Value = "C_100nF_0603"; VariantName = "[No Variations]"
Add component (AddParameter): Name = "Price 1pc (CHF)"; Value = "0.1"; VariantName = "[No Variations]"
Add component (AddParameter): Name = "Supplier 1"; Value = "Digi-Key"; VariantName = "[No Variations]"
Add component (AddParameter): Name = "Supplier Part Number 1"; Value = "1276-1012-1-ND"; VariantName = "[No Variations]"
Add component (AddParameter): Name = "TempKoeff"; Value = "Y5V"; VariantName = "[No Variations]"
Add component (AddParameter): Name = "Tolerance"; Value = "-20%/+80%"; VariantName = "[No Variations]"
Add component (AddParameter): Name = "Value"; Value = "100nF"; VariantName = "[No Variations]"
Add component (AddParameter): Name = "Voltage"; Value = "50V"; VariantName = "[No Variations]"
Added Component: Designator=IC6(MPU_6050)
Added Component: Designator=J14(Header1x6_254)
Add component (AddParameter): Name = "ComponentLink1Description"; Value = "Datasheet"; VariantName = "[No Variations]"
Add component (AddParameter): Name = "ComponentLink1URL"; Value = "https://katalog.we-online.de/em/datasheet/6130xx11121.pdf"; VariantName = "[No Variations]"
Add component (AddParameter): Name = "Part ID"; Value = "ArduinoConnector_6"; VariantName = "[No Variations]"
Add component (AddParameter): Name = "Price 1pc (CHF)"; Value = "0.32"; VariantName = "[No Variations]"
Add component (AddParameter): Name = "Supplier 1"; Value = "Digi-Key"; VariantName = "[No Variations]"
Add component (AddParameter): Name = "Supplier Part Number 1"; Value = "732-5319-ND"; VariantName = "[No Variations]"
Add component (AddParameter): Name = "Value"; Value = ""; VariantName = "[No Variations]"
Added Pin To Net: NetName=GND Pin=C32-1
Added Pin To Net: NetName=5VDC Pin=C32-2
Added Pin To Net: NetName=5VDC Pin=C33-1
Added Pin To Net: NetName=GND Pin=C33-2
Added Pin To Net: NetName=GND Pin=C34-1
Added Pin To Net: NetName=5VDC Pin=C34-2
Added Pin To Net: NetName=GND Pin=C35-1
Added Pin To Net: NetName=GND Pin=C36-1
Added Pin To Net: NetName=3.3VDC Pin=C37-1
Added Pin To Net: NetName=GND Pin=C37-2
Add Pin To Net: Unknown Pin: Pin IC4-1
Add Pin To Net: Unknown Pin: Pin IC4-2
Add Pin To Net: Unknown Pin: Pin IC4-7
Add Pin To Net: Unknown Pin: Pin IC4-10
Add Pin To Net: Unknown Pin: Pin IC4-11
Add Pin To Net: Unknown Pin: Pin IC4-12
Add Pin To Net: Unknown Pin: Pin IC4-13
Add Pin To Net: Unknown Pin: Pin IC4-14
Add Pin To Net: Unknown Pin: Pin IC4-15
Add Pin To Net: Unknown Pin: Pin IC4-16
Add Pin To Net: Unknown Pin: Pin IC4-17
Add Pin To Net: Unknown Pin: Pin IC4-18
Add Pin To Net: Unknown Pin: Pin IC4-19
Add Pin To Net: Unknown Pin: Pin IC4-20
Add Pin To Net: Unknown Pin: Pin IC4-21
Add Pin To Net: Unknown Pin: Pin IC4-22
Add Pin To Net: Unknown Pin: Pin IC4-23
Add Pin To Net: Unknown Pin: Pin IC4-26
Add Pin To Net: Unknown Pin: Pin IC4-27
Add Pin To Net: Unknown Pin: Pin IC4-28
Add Pin To Net: Unknown Pin: Pin IC4-30
Add Pin To Net: Unknown Pin: Pin IC4-31
Add Pin To Net: Unknown Pin: Pin IC4-32
Add Pin To Net: Unknown Pin: Pin IC4-33
Add Pin To Net: Unknown Pin: Pin IC4-34
Add Pin To Net: Unknown Pin: Pin IC4-41
Add Pin To Net: Unknown Pin: Pin IC4-42
Add Pin To Net: Unknown Pin: Pin IC4-43
Add Pin To Net: Unknown Pin: Pin IC4-44
Add Pin To Net: Unknown Pin: Pin IC4-45
Add Pin To Net: Unknown Pin: Pin IC4-46
Add Pin To Net: Unknown Pin: Pin IC4-47
Add Pin To Net: Unknown Pin: Pin IC4-48
Add Pin To Net: Unknown Pin: Pin IC4-49
Add Pin To Net: Unknown Pin: Pin IC4-50
Add Pin To Net: Unknown Pin: Pin IC4-57
Add Pin To Net: Unknown Pin: Pin IC4-60
Add Pin To Net: Unknown Pin: Pin IC4-61
Add Pin To Net: Unknown Pin: Pin IC4-62
Add Pin To Net: Unknown Pin: Pin IC4-63
Add Pin To Net: Unknown Pin: Pin IC4-64
Added Pin To Net: NetName=GND Pin=IC6-1
Added Pin To Net: NetName=3.3VDC Pin=IC6-8
Added Pin To Net: NetName=GND Pin=IC6-9
Added Pin To Net: NetName=GND Pin=IC6-11
Added Pin To Net: NetName=3.3VDC Pin=IC6-13
Added Pin To Net: NetName=GND Pin=IC6-18
Added Pin To Net: NetName=NetIC4_61 Pin=IC6-23
Added Pin To Net: NetName=NetIC4_62 Pin=IC6-24
Added Pin To Net: NetName=GND Pin=J14-1
Added Pin To Net: NetName=5VDC Pin=J14-2
Added Pin To Net: NetName=NetIC4_62 Pin=J14-5
Added Pin To Net: NetName=NetIC4_61 Pin=J14-6
Added Pin To Net: NetName=NetC35_2 Pin=C35-2
Added Pin To Net: NetName=NetC35_2 Pin=IC6-10
Added Net: Name=NetC35_2
Added Pin To Net: NetName=NetC36_2 Pin=C36-2
Added Pin To Net: NetName=NetC36_2 Pin=IC6-20
Added Net: Name=NetC36_2
Added Member To Class: ClassName=robocar Member=Component C32 C 10uF 0603
Added Member To Class: ClassName=robocar Member=Component C33 C 10uF 0603
Added Member To Class: ClassName=robocar Member=Component C34 C 10uF 0603
Added Member To Class: ClassName=robocar Member=Component C35 C 100nF 0603
Added Member To Class: ClassName=robocar Member=Component C36 C 2.2nF 0603
Added Member To Class: ClassName=robocar Member=Component C37 C 100nF 0603
Add Class Member: Failed to add class member : Component IC4 STM32F446RE
Added Member To Class: ClassName=robocar Member=Component IC6 MPU-6050
Added Member To Class: ClassName=robocar Member=Component J14 6Pin_Male
