Added Component: Designator=IC6(Stamp-S3-SMD)
Added Pin To Net: NetName=ESP32_OK Pin=IC6-1
Added Pin To Net: NetName=ESP32_ERROR Pin=IC6-2
Added Pin To Net: NetName=ESP32_RES1 Pin=IC6-3
Added Pin To Net: NetName=ESP32_RES2 Pin=IC6-4
Added Pin To Net: NetName=ESP32_SPI_CS Pin=IC6-5
Added Pin To Net: NetName=ESP32_SPI_CLK Pin=IC6-6
Added Pin To Net: NetName=ESP32_SPI_MISO Pin=IC6-7
Added Pin To Net: NetName=ESP32_SPI_MOSI Pin=IC6-8
Added Pin To Net: NetName=ESP32_RES3 Pin=IC6-9
Added Pin To Net: NetName=NetIC6_10 Pin=IC6-10
Added Pin To Net: NetName=GND Pin=IC6-11
Added Pin To Net: NetName=5VDC Pin=IC6-13
Added Pin To Net: NetName=GND Pin=IC6-18
Added Pin To Net: NetName=NetIC6_19 Pin=IC6-19
Added Pin To Net: NetName=ISP_BOOT Pin=IC6-20
Added Pin To Net: NetName=NetIC6_21 Pin=IC6-21
Added Pin To Net: NetName=ISP_RST Pin=IC6-22
Added Pin To Net: NetName=NetIC6_23 Pin=IC6-23
Added Pin To Net: NetName=ISP_TXD Pin=IC6-24
Added Pin To Net: NetName=NetIC6_25 Pin=IC6-25
Added Pin To Net: NetName=ISP_RXD Pin=IC6-26
Added Pin To Net: NetName=ISP_3V3 Pin=IC6-28
Added Member To Class: ClassName=U_Microcrontroller Member=Component IC6 StampS3
