Removed Pin From Net: NetName=5VDC Pin=C33-1
Removed Pin From Net: NetName=GND Pin=C33-2
Removed Pin From Net: NetName=GND Pin=C34-1
Removed Pin From Net: NetName=5VDC Pin=C34-2
Removed Pin From Net: NetName=GND Pin=J7-3
Removed Pin From Net: NetName=GND Pin=J9-1
Removed Pin From Net: NetName=5VDC Pin=J9-2
Removed Pin From Net: NetName=GND Pin=J14-1
Removed Pin From Net: NetName=5VDC Pin=J14-2
Removed Pin From Net: NetName=NetIC4_12 Pin=L3-1
Removed Member From Class: ClassName=robocar Member=C32
Removed Member From Class: ClassName=robocar Member=C33
Removed Member From Class: ClassName=robocar Member=C34
Removed Member From Class: ClassName=U_Microcrontroller Member=J13
Removed Member From Class: ClassName=robocar Member=J14
Removed Member From Class: ClassName=U_Microcrontroller Member=R13
Change Component Footprint: Designator=J4 Old Footprint=Header1x2_254 New Footprint=XT30PW-F
Change Component Footprint: Designator=J5 Old Footprint=Header1x2_254 New Footprint=XT30PW-F
Change Component Footprint: Designator=J7 Old Footprint=Header1x3_254 New Footprint=PicoBlade_8_Vertical
Change Component Footprint: Designator=J6 Old Footprint=Header1x4_254 New Footprint=PicoBlade_4_Vertical
Change Component Footprint: Designator=J9 Old Footprint=Header1x10_254 New Footprint=PicoBlade_5_Angled
Change Component Comment : Designator=J7 Old Comment=3Pin_Male New Comment=PicoBlade_8_Vertical
Change Component Comment : Designator=J6 Old Comment=4Pin_Male New Comment=PicoBlade_4_Vertical
Change Component Comment : Designator=J9 Old Comment=10Pin_Male New Comment=PicoBlade_5_Angled
Change Component Designator: OldDesignator=C1 NewDesignator=C12
Change Component Designator: OldDesignator=C2 NewDesignator=C13
Change Component Designator: OldDesignator=C3 NewDesignator=C14
Change Component Designator: OldDesignator=C4 NewDesignator=C15
Change Component Designator: OldDesignator=C5 NewDesignator=C3
Change Component Designator: OldDesignator=C6 NewDesignator=C1
Change Component Designator: OldDesignator=C7 NewDesignator=C17
Change Component Designator: OldDesignator=C8 NewDesignator=C7
Change Component Designator: OldDesignator=C9 NewDesignator=C18
Change Component Designator: OldDesignator=C10 NewDesignator=C2
Change Component Designator: OldDesignator=C11 NewDesignator=C4
Change Component Designator: OldDesignator=C12 NewDesignator=C6
Change Component Designator: OldDesignator=C13 NewDesignator=C5
Change Component Designator: OldDesignator=C14 NewDesignator=C8
Change Component Designator: OldDesignator=C15 NewDesignator=C9
Change Component Designator: OldDesignator=C16 NewDesignator=C10
Change Component Designator: OldDesignator=C17 NewDesignator=C27
Change Component Designator: OldDesignator=C18 NewDesignator=C28
Change Component Designator: OldDesignator=C19 NewDesignator=C29
Change Component Designator: OldDesignator=C20 NewDesignator=C30
Change Component Designator: OldDesignator=C21 NewDesignator=C31
Change Component Designator: OldDesignator=C22 NewDesignator=C32
Change Component Designator: OldDesignator=C23 NewDesignator=C33
Change Component Designator: OldDesignator=C24 NewDesignator=C36
Change Component Designator: OldDesignator=C25 NewDesignator=C37
Change Component Designator: OldDesignator=C26 NewDesignator=C19
Change Component Designator: OldDesignator=C27 NewDesignator=C21
Change Component Designator: OldDesignator=C29 NewDesignator=C38
Change Component Designator: OldDesignator=C30 NewDesignator=C35
Change Component Designator: OldDesignator=C31 NewDesignator=C39
Change Component Designator: OldDesignator=C32 NewDesignator=C11
Change Component Designator: OldDesignator=C35 NewDesignator=C20
Change Component Designator: OldDesignator=C36 NewDesignator=C22
Change Component Designator: OldDesignator=C37 NewDesignator=C23
Change Component Designator: OldDesignator=C38 NewDesignator=C34
Change Component Designator: OldDesignator=IC1 NewDesignator=IC3
Change Component Designator: OldDesignator=IC2 NewDesignator=IC1
Change Component Designator: OldDesignator=IC3 NewDesignator=IC2
Change Component Designator: OldDesignator=IC5 NewDesignator=IC6
Change Component Designator: OldDesignator=IC6 NewDesignator=IC4
Change Component Designator: OldDesignator=J1 NewDesignator=J2
Change Component Designator: OldDesignator=J2 NewDesignator=J1
Change Component Designator: OldDesignator=J8 NewDesignator=J13
Change Component Designator: OldDesignator=J10 NewDesignator=J11
Change Component Designator: OldDesignator=J11 NewDesignator=J12
Change Component Designator: OldDesignator=J13 NewDesignator=J10
Change Component Designator: OldDesignator=P7 NewDesignator=P5
Change Component Designator: OldDesignator=R2 NewDesignator=R3
Change Component Designator: OldDesignator=R3 NewDesignator=R2
Change Component Designator: OldDesignator=R5 NewDesignator=R8
Change Component Designator: OldDesignator=R6 NewDesignator=R9
Change Component Designator: OldDesignator=R7 NewDesignator=R10
Change Component Designator: OldDesignator=R8 NewDesignator=R11
Change Component Designator: OldDesignator=R13 NewDesignator=R7
Change Component Designator: OldDesignator=R14 NewDesignator=R12
Change component parameters: Designator = "J6" ("J6"); Footprint = "Header1x4_254"; UniqueID = "\TLFPDPVL" ("\TLFPDPVL")
Change component parameters (AddParameter): Name = "Supplier 1"; Value = "Mouser"; VariantName = "[No Variations]"
Change component parameters (AddParameter): Name = "Supplier Part Number 1"; Value = "538-53047-0410"; VariantName = "[No Variations]"
Change component parameters: Designator = "J7" ("J7"); Footprint = "Header1x3_254"; UniqueID = "\THMVURPA" ("\THMVURPA")
Change component parameters (AddParameter): Name = "Supplier 1"; Value = "Mouser"; VariantName = "[No Variations]"
Change component parameters (AddParameter): Name = "Supplier Part Number 1"; Value = "538-53047-0810"; VariantName = "[No Variations]"
Change component parameters: Designator = "J9" ("J9"); Footprint = "Header1x10_254"; UniqueID = "\NQWCYQLR" ("\NQWCYQLR")
Change component parameters (AddParameter): Name = "Supplier 1"; Value = "Mouser"; VariantName = "[No Variations]"
Change component parameters (AddParameter): Name = "Supplier Part Number 1"; Value = "538-53048-0510"; VariantName = "[No Variations]"
Added Component: Designator=C16(0603)
Add component (AddParameter): Name = "Part ID"; Value = "C_10uF_0603"; VariantName = "[No Variations]"
Add component (AddParameter): Name = "Price 1pc (CHF)"; Value = "0.40"; VariantName = "[No Variations]"
Add component (AddParameter): Name = "Supplier 1"; Value = "Digi-Key"; VariantName = "[No Variations]"
Add component (AddParameter): Name = "Supplier Part Number 1"; Value = "490-12317-1-ND"; VariantName = "[No Variations]"
Add component (AddParameter): Name = "TempKoeff"; Value = "X5R"; VariantName = "[No Variations]"
Add component (AddParameter): Name = "Tolerance"; Value = "10%"; VariantName = "[No Variations]"
Add component (AddParameter): Name = "Value"; Value = "10uF"; VariantName = "[No Variations]"
Add component (AddParameter): Name = "Voltage"; Value = "16V"; VariantName = "[No Variations]"
Added Component: Designator=C24(PCAP_8x10-ELEC00)
Add component (AddParameter): Name = "Part ID"; Value = "C_100uF_ALUM"; VariantName = "[No Variations]"
Add component (AddParameter): Name = "Price 1pc (CHF)"; Value = "0.51"; VariantName = "[No Variations]"
Add component (AddParameter): Name = "Supplier 1"; Value = "Digi-Key"; VariantName = "[No Variations]"
Add component (AddParameter): Name = "Supplier Part Number 1"; Value = "493-2226-1-ND"; VariantName = "[No Variations]"
Add component (AddParameter): Name = "Tolerance"; Value = "20%"; VariantName = "[No Variations]"
Add component (AddParameter): Name = "VALUE"; Value = "100uF"; VariantName = "[No Variations]"
Add component (AddParameter): Name = "Voltage"; Value = "50V"; VariantName = "[No Variations]"
Added Component: Designator=C25(PCAP_8x10-ELEC00)
Add component (AddParameter): Name = "Part ID"; Value = "C_100uF_ALUM"; VariantName = "[No Variations]"
Add component (AddParameter): Name = "Price 1pc (CHF)"; Value = "0.51"; VariantName = "[No Variations]"
Add component (AddParameter): Name = "Supplier 1"; Value = "Digi-Key"; VariantName = "[No Variations]"
Add component (AddParameter): Name = "Supplier Part Number 1"; Value = "493-2226-1-ND"; VariantName = "[No Variations]"
Add component (AddParameter): Name = "Tolerance"; Value = "20%"; VariantName = "[No Variations]"
Add component (AddParameter): Name = "VALUE"; Value = "100uF"; VariantName = "[No Variations]"
Add component (AddParameter): Name = "Voltage"; Value = "50V"; VariantName = "[No Variations]"
Added Component: Designator=C26(PCAP_8x10-ELEC00)
Add component (AddParameter): Name = "Part ID"; Value = "C_100uF_ALUM"; VariantName = "[No Variations]"
Add component (AddParameter): Name = "Price 1pc (CHF)"; Value = "0.51"; VariantName = "[No Variations]"
Add component (AddParameter): Name = "Supplier 1"; Value = "Digi-Key"; VariantName = "[No Variations]"
Add component (AddParameter): Name = "Supplier Part Number 1"; Value = "493-2226-1-ND"; VariantName = "[No Variations]"
Add component (AddParameter): Name = "Tolerance"; Value = "20%"; VariantName = "[No Variations]"
Add component (AddParameter): Name = "VALUE"; Value = "100uF"; VariantName = "[No Variations]"
Add component (AddParameter): Name = "Voltage"; Value = "50V"; VariantName = "[No Variations]"
Added Component: Designator=J8(PicoBlade_3_Vertical)
Add component (AddParameter): Name = "Supplier 1"; Value = "Mouser"; VariantName = "[No Variations]"
Add component (AddParameter): Name = "Supplier Part Number 1"; Value = "538-53047-0310"; VariantName = "[No Variations]"
Added Component: Designator=R5(0805)
Add component (AddParameter): Name = "Part ID"; Value = "R_1k_0805"; VariantName = "[No Variations]"
Add component (AddParameter): Name = "Power Dissipation"; Value = "125mW"; VariantName = "[No Variations]"
Add component (AddParameter): Name = "Price 10pcs (CHF)"; Value = "0.021"; VariantName = "[No Variations]"
Add component (AddParameter): Name = "Supplier 1"; Value = "Digi-Key"; VariantName = "[No Variations]"
Add component (AddParameter): Name = "Supplier Part Number 1"; Value = "311-1.00KCRCT-ND"; VariantName = "[No Variations]"
Add component (AddParameter): Name = "Tolerance"; Value = "1%"; VariantName = "[No Variations]"
Add component (AddParameter): Name = "Value"; Value = "1k"; VariantName = "[No Variations]"
Added Component: Designator=R6(0805)
Add component (AddParameter): Name = "Part ID"; Value = "R_1k_0805"; VariantName = "[No Variations]"
Add component (AddParameter): Name = "Power Dissipation"; Value = "125mW"; VariantName = "[No Variations]"
Add component (AddParameter): Name = "Price 10pcs (CHF)"; Value = "0.021"; VariantName = "[No Variations]"
Add component (AddParameter): Name = "Supplier 1"; Value = "Digi-Key"; VariantName = "[No Variations]"
Add component (AddParameter): Name = "Supplier Part Number 1"; Value = "311-1.00KCRCT-ND"; VariantName = "[No Variations]"
Add component (AddParameter): Name = "Tolerance"; Value = "1%"; VariantName = "[No Variations]"
Add component (AddParameter): Name = "Value"; Value = "1k"; VariantName = "[No Variations]"
Added Pin To Net: NetName=GND Pin=C16-1
Added Pin To Net: NetName=5VDC Pin=C16-2
Added Pin To Net: NetName=3.3VDC Pin=C24-1
Added Pin To Net: NetName=GND Pin=C24-2
Added Pin To Net: NetName=3.3VDC Pin=C25-1
Added Pin To Net: NetName=GND Pin=C25-2
Added Pin To Net: NetName=3.3VDC Pin=C26-1
Added Pin To Net: NetName=GND Pin=C26-2
Added Pin To Net: NetName=NetIC4_12 Pin=IC4-12
Add Pin To Net: Unknown Pin: Pin IC5-1
Add Pin To Net: Unknown Pin: Pin IC5-2
Add Pin To Net: Unknown Pin: Pin IC5-7
Add Pin To Net: Unknown Pin: Pin IC5-13
Add Pin To Net: Unknown Pin: Pin IC5-14
Add Pin To Net: Unknown Pin: Pin IC5-15
Add Pin To Net: Unknown Pin: Pin IC5-16
Add Pin To Net: Unknown Pin: Pin IC5-17
Add Pin To Net: Unknown Pin: Pin IC5-18
Add Pin To Net: Unknown Pin: Pin IC5-19
Add Pin To Net: Unknown Pin: Pin IC5-20
Add Pin To Net: Unknown Pin: Pin IC5-21
Add Pin To Net: Unknown Pin: Pin IC5-22
Add Pin To Net: Unknown Pin: Pin IC5-23
Add Pin To Net: Unknown Pin: Pin IC5-26
Add Pin To Net: Unknown Pin: Pin IC5-27
Add Pin To Net: Unknown Pin: Pin IC5-28
Add Pin To Net: Unknown Pin: Pin IC5-31
Add Pin To Net: Unknown Pin: Pin IC5-32
Add Pin To Net: Unknown Pin: Pin IC5-35
Add Pin To Net: Unknown Pin: Pin IC5-36
Add Pin To Net: Unknown Pin: Pin IC5-41
Add Pin To Net: Unknown Pin: Pin IC5-42
Add Pin To Net: Unknown Pin: Pin IC5-43
Add Pin To Net: Unknown Pin: Pin IC5-44
Add Pin To Net: Unknown Pin: Pin IC5-46
Add Pin To Net: Unknown Pin: Pin IC5-47
Add Pin To Net: Unknown Pin: Pin IC5-48
Add Pin To Net: Unknown Pin: Pin IC5-49
Add Pin To Net: Unknown Pin: Pin IC5-50
Add Pin To Net: Unknown Pin: Pin IC5-55
Add Pin To Net: Unknown Pin: Pin IC5-63
Add Pin To Net: Unknown Pin: Pin IC5-64
Added Pin To Net: NetName=GND Pin=J7-2
Added Pin To Net: NetName=5VDC Pin=J8-1
Added Pin To Net: NetName=GND Pin=J8-3
Added Pin To Net: NetName=3.3VDC Pin=J9-1
Added Pin To Net: NetName=GND Pin=J9-2
Added Pin To Net: NetName=GND Pin=J9-5
Added Pin To Net: NetName=3.3VDC Pin=R5-2
Added Pin To Net: NetName=3.3VDC Pin=R6-2
Change Net Name : Old Net Name=NetC5_1 New Net Name=NetC3_1
Change Net Name : Old Net Name=NetC5_2 New Net Name=NetC3_2
Change Net Name : Old Net Name=NetC6_1 New Net Name=NetC1_1
Change Net Name : Old Net Name=NetC22_1 New Net Name=NetC32_1
Change Net Name : Old Net Name=NetC35_2 New Net Name=NetC20_2
Change Net Name : Old Net Name=NetC36_2 New Net Name=NetC22_2
Change Net Name : Old Net Name=NetIC1_1 New Net Name=NetIC3_1
Change Net Name : Old Net Name=NetIC1_5 New Net Name=NetIC3_5
Change Net Name : Old Net Name=NetIC1_7 New Net Name=NetIC3_7
Change Net Name : Old Net Name=NetIC1_11 New Net Name=NetIC3_11
Change Net Name : Old Net Name=NetIC1_13 New Net Name=NetIC3_13
Change Net Name : Old Net Name=NetIC2_4 New Net Name=NetIC1_4
Change Net Name : Old Net Name=NetIC2_5 New Net Name=NetIC1_5
Change Net Name : Old Net Name=NetIC5_10 New Net Name=NetIC6_10
Change Net Name : Old Net Name=NetIC5_19 New Net Name=NetIC6_19
Change Net Name : Old Net Name=NetIC5_21 New Net Name=NetIC6_21
Change Net Name : Old Net Name=NetIC5_23 New Net Name=NetIC6_23
Change Net Name : Old Net Name=NetIC5_25 New Net Name=NetIC6_25
Change Net Name : Old Net Name=NetJ2_1 New Net Name=NetJ1_1
Change Net Name : Old Net Name=NetP7_4 New Net Name=NetP5_4
Change Net Name : Old Net Name=NetR5_1 New Net Name=NetR8_1
Change Net Name : Old Net Name=NetR6_1 New Net Name=NetR9_1
Added Pin To Net: NetName=NetC37_1 Pin=C37-1
Added Net: Name=NetC37_1
Added Pin To Net: NetName=NetIC3_15 Pin=IC3-15
Added Net: Name=NetIC3_15
Added Pin To Net: NetName=NetIC3_16 Pin=IC3-16
Added Net: Name=NetIC3_16
Added Pin To Net: NetName=NetIC3_17 Pin=IC3-17
Added Net: Name=NetIC3_17
Added Pin To Net: NetName=NetIC3_19 Pin=IC3-19
Added Net: Name=NetIC3_19
Added Pin To Net: NetName=NetIC3_21 Pin=IC3-21
Added Net: Name=NetIC3_21
Added Pin To Net: NetName=NetIC3_22 Pin=IC3-22
Added Net: Name=NetIC3_22
Added Pin To Net: NetName=NetIC3_23 Pin=IC3-23
Added Net: Name=NetIC3_23
Added Pin To Net: NetName=NetIC4_23 Pin=IC4-23
Added Net: Name=NetIC4_23
Added Pin To Net: NetName=NetIC4_24 Pin=IC4-24
Added Net: Name=NetIC4_24
Added Pin To Net: NetName=NetIC5_8 Pin=J7-7
Added Net: Name=NetIC5_8
Added Pin To Net: NetName=NetIC5_9 Pin=J7-5
Added Net: Name=NetIC5_9
Added Pin To Net: NetName=NetIC5_10 Pin=J7-4
Added Net: Name=NetIC5_10
Added Pin To Net: NetName=NetIC5_12 Pin=L3-1
Added Net: Name=NetIC5_12
Added Pin To Net: NetName=NetIC5_29 Pin=P1-4
Added Net: Name=NetIC5_29
Added Pin To Net: NetName=NetIC5_33 Pin=J7-3
Added Net: Name=NetIC5_33
Added Pin To Net: NetName=NetIC5_34 Pin=J7-6
Added Net: Name=NetIC5_34
Added Pin To Net: NetName=NetIC5_37 Pin=J6-3
Added Net: Name=NetIC5_37
Added Pin To Net: NetName=NetIC5_38 Pin=J6-4
Added Net: Name=NetIC5_38
Added Pin To Net: NetName=NetIC5_51 Pin=J9-3
Added Pin To Net: NetName=NetIC5_51 Pin=R5-1
Added Net: Name=NetIC5_51
Added Pin To Net: NetName=NetIC5_52 Pin=J9-4
Added Pin To Net: NetName=NetIC5_52 Pin=R6-1
Added Net: Name=NetIC5_52
Added Pin To Net: NetName=NetIC5_53 Pin=J7-8
Added Net: Name=NetIC5_53
Added Pin To Net: NetName=NetIC5_58 Pin=J2-1
Added Net: Name=NetIC5_58
Added Pin To Net: NetName=NetIC5_59 Pin=J3-1
Added Net: Name=NetIC5_59
Added Pin To Net: NetName=NetIC5_60 Pin=R12-1
Added Net: Name=NetIC5_60
Added Pin To Net: NetName=NetJ8_2 Pin=J8-2
Added Pin To Net: NetName=NetJ8_2 Pin=P6-2
Added Net: Name=NetJ8_2
Added Member To Class: ClassName=robocar Member=Component C17 C 100nF 0603
Added Member To Class: ClassName=robocar Member=Component C18 C 100nF 0603
Added Member To Class: ClassName=robocar Member=Component C24 C 100uF ALUM
Added Member To Class: ClassName=robocar Member=Component C25 C 100uF ALUM
Added Member To Class: ClassName=robocar Member=Component C26 C 100uF ALUM
Added Member To Class: ClassName=U_Microcrontroller Member=Component IC6 StampS3
Added Member To Class: ClassName=robocar Member=Component J8 PicoBlade_3_Vertical
Added Member To Class: ClassName=U_Microcrontroller Member=Component J12 TC2030
Added Member To Class: ClassName=robocar Member=Component R5 R 1K 0805
Added Member To Class: ClassName=robocar Member=Component R6 R 1K 0805
Added Member To Class: ClassName=U_Microcrontroller Member=Component R10 R 220R 0805
